<?xml version="1.0" encoding="UTF-8"?>
<!-- Generated by org.testng.reporters.JUnitXMLReporter -->
<testsuite ignored="2" hostname="LAPTOP-UUVR85DV" failures="0" tests="1" name="TestORGHRM" time="9.409" errors="0" timestamp="2025-03-15T16:38:53 IST">
  <testcase classname="ExtentReportsecondframeday_02.testclassextentseve" name="testORGhrm" time="8.231"/>
  <testcase classname="ExtentReportsecondframeday_02.testclassextentseve" name="testGoogle" time="0.0">
    <ignored/>
  </testcase> <!-- testGoogle -->
  <testcase classname="ExtentReportsecondframeday_02.testclassextentseve" name="testFaceBook" time="0.0">
    <ignored/>
  </testcase> <!-- testFaceBook -->
</testsuite> <!-- TestORGHRM -->
