<?xml version="1.0" encoding="UTF-8"?>
<!-- Generated by org.testng.reporters.JUnitXMLReporter -->
<testsuite ignored="2" hostname="LAPTOP-UUVR85DV" failures="0" tests="1" name="testaction" time="8.362" errors="0" timestamp="2025-04-08T11:56:58 IST">
  <testcase classname="ExtentReportWithActionClass.testcasesActions" name="doubletest" time="6.504"/>
  <testcase classname="ExtentReportWithActionClass.testcasesActions" name="dragtest" time="0.0">
    <ignored/>
  </testcase> <!-- dragtest -->
  <testcase classname="ExtentReportWithActionClass.testcasesActions" name="doubletwo" time="0.0">
    <ignored/>
  </testcase> <!-- doubletwo -->
</testsuite> <!-- testaction -->
