<?xml version="1.0" encoding="UTF-8"?>
<!-- Generated by org.testng.reporters.JUnitXMLReporter -->
<testsuite ignored="2" hostname="LAPTOP-UUVR85DV" failures="1" tests="1" name="TestFaceBook" time="2.297" errors="0" timestamp="2025-03-25T14:06:19 IST">
  <testcase classname="ExtentReportdayframework_03.testcasesone" name="testFaceBook" time="0.935">
    <failure type="java.lang.AssertionError" message="expected [Facebook – log in or sign upp] but found [Facebook – log in or sign up]">
      <![CDATA[java.lang.AssertionError: expected [Facebook – log in or sign upp] but found [Facebook – log in or sign up]
at ExtentReportdayframework_03.testcasesone.testFaceBook(testcasesone.java:33)
at java.base/java.util.ArrayList.forEach(ArrayList.java:1597)
... Removed 31 stack frames]]>
    </failure>
  </testcase> <!-- testFaceBook -->
  <testcase classname="ExtentReportdayframework_03.testcasesone" name="testGoogle" time="0.0">
    <ignored/>
  </testcase> <!-- testGoogle -->
  <testcase classname="ExtentReportdayframework_03.testcasesone" name="testORGhrm" time="0.0">
    <ignored/>
  </testcase> <!-- testORGhrm -->
</testsuite> <!-- TestFaceBook -->
