<?xml version="1.0" encoding="UTF-8"?>
<!-- Generated by org.testng.reporters.JUnitXMLReporter -->
<testsuite ignored="1" hostname="LAPTOP-UUVR85DV" failures="0" tests="1" name="Test2" time="16.816" errors="0" timestamp="2025-04-08T19:30:27 IST">
  <testcase classname="projectPracticeDayOne.testcaseone_001" name="testCase5" time="15.405"/>
  <testcase classname="projectPracticeDayOne.testcaseone_001" name="testCase4" time="0.0">
    <ignored/>
  </testcase> <!-- testCase4 -->
</testsuite> <!-- Test2 -->
