<?xml version="1.0" encoding="UTF-8"?>
<!-- Generated by org.testng.reporters.JUnitXMLReporter -->
<testsuite ignored="2" hostname="LAPTOP-UUVR85DV" failures="0" tests="1" name="TestGoogle" time="2.716" errors="0" timestamp="2025-03-15T16:52:35 IST">
  <testcase classname="thirddatadrivenformatterextentframeworkthird.datadriverextetntestng" name="testgooglee" time="1.495"/>
  <testcase classname="thirddatadrivenformatterextentframeworkthird.datadriverextetntestng" name="testfacebooks" time="0.0">
    <ignored/>
  </testcase> <!-- testfacebooks -->
  <testcase classname="thirddatadrivenformatterextentframeworkthird.datadriverextetntestng" name="testOrangeHRMone" time="0.0">
    <ignored/>
  </testcase> <!-- testOrangeHRMone -->
</testsuite> <!-- TestGoogle -->
