<?xml version="1.0" encoding="UTF-8"?>
<!-- Generated by org.testng.reporters.JUnitXMLReporter -->
<testsuite ignored="1" hostname="LAPTOP-UUVR85DV" failures="0" tests="1" name="TestBootstrap" time="6.563" errors="0" timestamp="2025-04-06T14:33:53 IST">
  <testcase classname="ExtentReportday_05.testcasesfive" name="BootStrapDropdown" time="5.106"/>
  <testcase classname="ExtentReportday_05.testcasesfive" name="testpaginationdemo" time="0.0">
    <ignored/>
  </testcase> <!-- testpaginationdemo -->
</testsuite> <!-- TestBootstrap -->
