<?xml version="1.0" encoding="UTF-8"?>
<!-- Generated by org.testng.reporters.JUnitXMLReporter -->
<testsuite ignored="4" hostname="LAPTOP-UUVR85DV" failures="0" tests="4" name="Test" time="0.061" errors="0" timestamp="2025-05-17T05:10:21 IST">
  <testcase classname="TestingNextGenerationPractice.groupsIntoductOne" name="test7" time="0.01"/>
  <testcase classname="TestingNextGenerationPractice.groupsIntroduction" name="test2" time="0.002"/>
  <testcase classname="TestingNextGenerationPractice.groupsIntroduction" name="test3" time="0.003"/>
  <testcase classname="TestingNextGenerationPractice.groupsIntroduction" name="test4" time="0.002"/>
  <testcase classname="TestingNextGenerationPractice.groupsIntroduction" name="test1" time="0.0">
    <ignored/>
  </testcase> <!-- test1 -->
  <testcase classname="TestingNextGenerationPractice.groupsIntoductOne" name="test6" time="0.0">
    <ignored/>
  </testcase> <!-- test6 -->
  <testcase classname="TestingNextGenerationPractice.groupsIntoductOne" name="test5" time="0.0">
    <ignored/>
  </testcase> <!-- test5 -->
  <testcase classname="TestingNextGenerationPractice.groupsIntoductOne" name="test8" time="0.0">
    <ignored/>
  </testcase> <!-- test8 -->
</testsuite> <!-- Test -->
