<?xml version="1.0" encoding="UTF-8"?>
<!-- Generated by org.testng.reporters.JUnitXMLReporter -->
<testsuite ignored="2" hostname="LAPTOP-UUVR85DV" failures="0" tests="1" name="TestGoogle" time="8.13" errors="0" timestamp="2025-03-25T14:06:11 IST">
  <testcase classname="ExtentReportdayframework_03.testcasesone" name="testGoogle" time="1.783"/>
  <testcase classname="ExtentReportdayframework_03.testcasesone" name="testORGhrm" time="0.0">
    <ignored/>
  </testcase> <!-- testORGhrm -->
  <testcase classname="ExtentReportdayframework_03.testcasesone" name="testFaceBook" time="0.0">
    <ignored/>
  </testcase> <!-- testFaceBook -->
</testsuite> <!-- TestGoogle -->
