<?xml version="1.0" encoding="UTF-8"?>
<!-- Generated by org.testng.reporters.JUnitXMLReporter -->
<testsuite ignored="2" hostname="LAPTOP-UUVR85DV" failures="1" tests="1" name="TestFacebook" time="2.907" errors="0" timestamp="2025-04-18T16:59:03 IST">
  <testcase classname="ExtentReportPracticeDay_06.DataproviderExtentReportTestCases" name="testfacebook" time="1.131">
    <failure type="java.lang.AssertionError" message="expected [goooleee] but found [Facebook – log in or sign up]">
      <![CDATA[java.lang.AssertionError: expected [goooleee] but found [Facebook – log in or sign up]
at ExtentReportPracticeDay_06.DataproviderExtentReportTestCases.testfacebook(DataproviderExtentReportTestCases.java:35)
at java.base/java.util.ArrayList.forEach(ArrayList.java:1597)
... Removed 31 stack frames]]>
    </failure>
  </testcase> <!-- testfacebook -->
  <testcase classname="ExtentReportPracticeDay_06.DataproviderExtentReportTestCases" name="testORG" time="0.0">
    <ignored/>
  </testcase> <!-- testORG -->
  <testcase classname="ExtentReportPracticeDay_06.DataproviderExtentReportTestCases" name="testgoogle" time="0.0">
    <ignored/>
  </testcase> <!-- testgoogle -->
</testsuite> <!-- TestFacebook -->
