<?xml version="1.0" encoding="UTF-8"?>
<!-- Generated by org.testng.reporters.JUnitXMLReporter -->
<testsuite ignored="2" hostname="LAPTOP-UUVR85DV" failures="0" tests="1" name="TestORGHRM" time="5.223" errors="0" timestamp="2025-03-25T14:06:16 IST">
  <testcase classname="ExtentReportdayframework_03.testcasesone" name="testORGhrm" time="3.96"/>
  <testcase classname="ExtentReportdayframework_03.testcasesone" name="testGoogle" time="0.0">
    <ignored/>
  </testcase> <!-- testGoogle -->
  <testcase classname="ExtentReportdayframework_03.testcasesone" name="testFaceBook" time="0.0">
    <ignored/>
  </testcase> <!-- testFaceBook -->
</testsuite> <!-- TestORGHRM -->
