<?xml version="1.0" encoding="UTF-8"?>
<!-- Generated by org.testng.reporters.JUnitXMLReporter -->
<testsuite ignored="1" hostname="LAPTOP-UUVR85DV" failures="0" tests="1" name="TestBootstrap" time="7.723" errors="0" timestamp="2025-04-20T14:51:37 IST">
  <testcase classname="ExtentReportdayframework_04.testcasesthree" name="BootStrapDropdown" time="5.93"/>
  <testcase classname="ExtentReportdayframework_04.testcasesthree" name="testpaginationdemo" time="0.0">
    <ignored/>
  </testcase> <!-- testpaginationdemo -->
</testsuite> <!-- TestBootstrap -->
