<?xml version="1.0" encoding="UTF-8"?>
<!-- Generated by org.testng.reporters.JUnitXMLReporter -->
<testsuite ignored="1" hostname="LAPTOP-UUVR85DV" failures="0" tests="1" name="Test1" time="13.29" errors="0" timestamp="2025-04-08T19:30:10 IST">
  <testcase classname="projectPracticeDayOne.testcaseone_001" name="testCase4" time="11.596"/>
  <testcase classname="projectPracticeDayOne.testcaseone_001" name="testCase5" time="0.0">
    <ignored/>
  </testcase> <!-- testCase5 -->
</testsuite> <!-- Test1 -->
