<?xml version="1.0" encoding="UTF-8"?>
<!-- Generated by org.testng.reporters.JUnitXMLReporter -->
<testsuite ignored="2" hostname="LAPTOP-UUVR85DV" failures="0" tests="1" name="TestORGHRM" time="6.194" errors="0" timestamp="2025-03-08T16:19:18 IST">
  <testcase classname="secongframeday_01.testClassExtentsix" name="testORGhrm" time="4.941"/>
  <testcase classname="secongframeday_01.testClassExtentsix" name="testGoogle" time="0.0">
    <ignored/>
  </testcase> <!-- testGoogle -->
  <testcase classname="secongframeday_01.testClassExtentsix" name="testFaceBook" time="0.0">
    <ignored/>
  </testcase> <!-- testFaceBook -->
</testsuite> <!-- TestORGHRM -->
