<?xml version="1.0" encoding="UTF-8"?>
<!-- Generated by org.testng.reporters.JUnitXMLReporter -->
<testsuite ignored="2" hostname="LAPTOP-UUVR85DV" failures="1" tests="1" name="TestFaceBook" time="4.326" errors="0" timestamp="2025-03-08T16:19:22 IST">
  <testcase classname="secongframeday_01.testClassExtentsix" name="testFaceBook" time="2.876">
    <failure type="java.lang.AssertionError" message="expected [Facebook – log in or sign upp] but found [Facebook – log in or sign up]">
      <![CDATA[java.lang.AssertionError: expected [Facebook – log in or sign upp] but found [Facebook – log in or sign up]
at secongframeday_01.testClassExtentsix.testFaceBook(testClassExtentsix.java:34)
at java.base/java.util.ArrayList.forEach(ArrayList.java:1597)
... Removed 35 stack frames]]>
    </failure>
  </testcase> <!-- testFaceBook -->
  <testcase classname="secongframeday_01.testClassExtentsix" name="testORGhrm" time="0.0">
    <ignored/>
  </testcase> <!-- testORGhrm -->
  <testcase classname="secongframeday_01.testClassExtentsix" name="testGoogle" time="0.0">
    <ignored/>
  </testcase> <!-- testGoogle -->
</testsuite> <!-- TestFaceBook -->
